{"level":"error","message":"Unexpected token 'K', \"Key: Autho\"... is not valid JSON - GET /api/auth/login - ::1","timestamp":"2025-09-15 21:52:24:5224"}
{"level":"error","message":"Unexpected token 'K', \"Key: Autho\"... is not valid JSON - GET /api/auth/login - ::1","timestamp":"2025-09-15 21:52:36:5236"}
{"level":"error","message":"Expected ',' or '}' after property value in JSON at position 52 (line 2 column 23) - GET /api/auth/profile - ::1","timestamp":"2025-09-15 21:55:04:554"}
{"level":"error","message":"Unexpected token 'K', \"Key: Autho\"... is not valid JSON - GET /api/auth/profile - ::1","timestamp":"2025-09-15 21:56:15:5615"}
{"level":"error","message":"Expected property name or '}' in JSON at position 1 (line 1 column 2) - GET /api/auth/profile - ::1","timestamp":"2025-09-15 21:56:25:5625"}
{"level":"error","message":"Expected property name or '}' in JSON at position 1 (line 1 column 2) - GET /api/auth/profile - ::1","timestamp":"2025-09-15 21:56:26:5626"}
{"level":"error","message":"Expected property name or '}' in JSON at position 1 (line 1 column 2) - GET /api/auth/profile - ::1","timestamp":"2025-09-15 21:56:34:5634"}
{"level":"error","message":"Login error for username: undefined - Bind parameters must not contain undefined. To pass SQL NULL specify JS null","timestamp":"2025-09-15 22:22:05:225"}
{"level":"error","message":"Login error for username: undefined - Bind parameters must not contain undefined. To pass SQL NULL specify JS null","timestamp":"2025-09-15 22:26:30:2630"}
{"level":"error","message":"Login error for username: undefined - Bind parameters must not contain undefined. To pass SQL NULL specify JS null","timestamp":"2025-09-15 22:26:48:2648"}
{"level":"error","message":"Login error for username: undefined - Bind parameters must not contain undefined. To pass SQL NULL specify JS null","timestamp":"2025-09-15 22:26:50:2650"}
{"level":"error","message":"Login error for username: undefined - Bind parameters must not contain undefined. To pass SQL NULL specify JS null","timestamp":"2025-09-15 22:26:51:2651"}
{"level":"error","message":"Login error for username: undefined - Bind parameters must not contain undefined. To pass SQL NULL specify JS null","timestamp":"2025-09-15 22:26:52:2652"}
{"level":"error","message":"Login error for username: undefined - Bind parameters must not contain undefined. To pass SQL NULL specify JS null","timestamp":"2025-09-15 22:26:53:2653"}
{"level":"error","message":"Login error for username: undefined - Bind parameters must not contain undefined. To pass SQL NULL specify JS null","timestamp":"2025-09-15 22:26:54:2654"}
{"level":"error","message":"Login error for username: undefined - Bind parameters must not contain undefined. To pass SQL NULL specify JS null","timestamp":"2025-09-15 22:26:54:2654"}
{"level":"error","message":"Login error for username: undefined - Bind parameters must not contain undefined. To pass SQL NULL specify JS null","timestamp":"2025-09-15 22:26:55:2655"}
{"level":"error","message":"Login error for username: undefined - Bind parameters must not contain undefined. To pass SQL NULL specify JS null","timestamp":"2025-09-15 22:26:56:2656"}
{"level":"error","message":"Login error for username: undefined - Bind parameters must not contain undefined. To pass SQL NULL specify JS null","timestamp":"2025-09-15 22:26:57:2657"}
{"level":"error","message":"Login error for username: undefined - Bind parameters must not contain undefined. To pass SQL NULL specify JS null","timestamp":"2025-09-15 22:26:58:2658"}
{"level":"error","message":"Login error for username: undefined - Bind parameters must not contain undefined. To pass SQL NULL specify JS null","timestamp":"2025-09-15 23:46:43:4643"}
